-------------------------------------------------------------------------------
Test set: service.impl.UserServiceImplTest
-------------------------------------------------------------------------------
Tests run: 2, Failures: 0, Errors: 1, Skipped: 0, Time elapsed: 0.006 s <<< FAILURE! - in service.impl.UserServiceImplTest
testIsTodayAnswered(service.impl.UserServiceImplTest)  Time elapsed: 0.004 s  <<< ERROR!
java.lang.NullPointerException
	at service.impl.UserServiceImplTest.testIsTodayAnswered(UserServiceImplTest.java:9)

